[14Jul2025 00:00:42.576] [Server thread/WARN] [net.minecraft.world.level.entity.PersistentEntitySectionManager/]: UUID of added entity already exists: Drowned['Drowned'/99838, l='ServerLevel[world]', x=8.50, y=16.00, z=1090.50]
[14Jul2025 00:00:50.062] [Server thread/INFO] [net.minecraft.server.MinecraftServer/]: JUANCITO has made the advancement [The Dark (Chocolate) Tower]
[14Jul2025 00:01:04.606] [Server thread/WARN] [net.minecraft.world.level.entity.PersistentEntitySectionManager/]: UUID of added entity already exists: Drowned['Drowned'/100664, l='ServerLevel[world]', x=0.50, y=14.00, z=1099.50]
[14Jul2025 00:01:30.373] [Server thread/WARN] [net.minecraft.world.level.entity.PersistentEntitySectionManager/]: UUID of added entity already exists: Drowned['Drowned'/101361, l='ServerLevel[world]', x=5.50, y=21.00, z=1093.50]
[14Jul2025 00:02:16.509] [Worker-Main-39/ERROR] [net.minecraft.world.entity.decoration.HangingEntity/]: Hanging entity at invalid position: BlockPos{x=665, y=-20, z=-299}
[14Jul2025 00:02:16.513] [Worker-Main-39/ERROR] [net.minecraft.world.entity.decoration.HangingEntity/]: Hanging entity at invalid position: BlockPos{x=677, y=-20, z=-299}
[14Jul2025 00:02:53.951] [Server thread/INFO] [net.minecraft.server.MinecraftServer/]: JUANCITO has made the advancement [Carbonated Swim]
[14Jul2025 00:02:53.993] [Server thread/WARN] [net.minecraft.server.level.ServerLevel/]: Tried to add entity ancient_elements:undead_miner but it was marked as removed already
[14Jul2025 00:03:14.075] [Server thread/WARN] [net.minecraft.world.level.entity.PersistentEntitySectionManager/]: UUID of added entity already exists: Drowned['Drowned'/104124, l='ServerLevel[world]', x=-135.50, y=47.00, z=1050.50]
[14Jul2025 00:03:42.165] [Server thread/WARN] [net.minecraft.world.level.entity.PersistentEntitySectionManager/]: UUID of added entity already exists: Drowned['Drowned'/105070, l='ServerLevel[world]', x=3.50, y=15.00, z=1072.50]
[14Jul2025 00:04:08.260] [Server thread/WARN] [net.minecraft.world.level.entity.PersistentEntitySectionManager/]: UUID of added entity already exists: Drowned['Drowned'/106132, l='ServerLevel[world]', x=-136.50, y=50.00, z=1053.50]
[14Jul2025 00:04:32.840] [Server thread/WARN] [net.minecraft.world.level.entity.PersistentEntitySectionManager/]: UUID of added entity already exists: Drowned['Drowned'/106792, l='ServerLevel[world]', x=6.50, y=21.00, z=1094.50]
[14Jul2025 00:04:39.874] [Worker-Main-25/ERROR] [net.minecraft.world.entity.decoration.HangingEntity/]: Hanging entity at invalid position: BlockPos{x=559, y=-26, z=-250}
[14Jul2025 00:04:39.875] [Worker-Main-25/ERROR] [net.minecraft.world.entity.decoration.HangingEntity/]: Hanging entity at invalid position: BlockPos{x=563, y=-26, z=-248}
[14Jul2025 00:04:39.876] [Worker-Main-25/ERROR] [net.minecraft.world.entity.decoration.HangingEntity/]: Hanging entity at invalid position: BlockPos{x=563, y=-12, z=-248}
[14Jul2025 00:04:39.876] [Worker-Main-25/ERROR] [net.minecraft.world.entity.decoration.HangingEntity/]: Hanging entity at invalid position: BlockPos{x=563, y=-12, z=-249}
[14Jul2025 00:04:44.118] [Worker-Main-25/ERROR] [net.minecraft.world.entity.decoration.HangingEntity/]: Hanging entity at invalid position: BlockPos{x=562, y=-26, z=-242}
[14Jul2025 00:04:44.118] [Worker-Main-25/ERROR] [net.minecraft.world.entity.decoration.HangingEntity/]: Hanging entity at invalid position: BlockPos{x=562, y=-12, z=-242}
[14Jul2025 00:04:44.119] [Worker-Main-25/ERROR] [net.minecraft.world.entity.decoration.HangingEntity/]: Hanging entity at invalid position: BlockPos{x=563, y=-13, z=-242}
[14Jul2025 00:05:29.754] [Server thread/WARN] [net.minecraft.world.level.entity.PersistentEntitySectionManager/]: UUID of added entity already exists: Drowned['Drowned'/108144, l='ServerLevel[world]', x=6.50, y=21.00, z=1075.50]
[14Jul2025 00:05:47.409] [Server thread/WARN] [net.minecraft.server.MinecraftServer/]: Can't keep up! Is the server overloaded? Running 2016ms or 40 ticks behind
[14Jul2025 00:05:48.484] [Server thread/INFO] [net.minecraft.world.entity.npc.Villager/]: Villager VillagerEntityMCA['Tokuzo'/107372, l='ServerLevel[world]', x=-6007.75, y=120.00, z=3720.13] died, message: 'Tokuzo walked into fire whilst fighting Fire Dragon'
[14Jul2025 00:05:48.485] [Server thread/INFO] [net.minecraft.world.entity.LivingEntity/]: Named entity VillagerEntityMCA['Tokuzo'/107372, l='ServerLevel[world]', x=-6007.75, y=120.00, z=3720.13] died: Tokuzo walked into fire whilst fighting Fire Dragon
[14Jul2025 00:06:12.123] [Server thread/WARN] [net.minecraft.server.MinecraftServer/]: Can't keep up! Is the server overloaded? Running 9730ms or 194 ticks behind
[14Jul2025 00:06:25.098] [Server thread/INFO] [net.minecraft.server.MinecraftServer/]: JUANCITO has made the advancement [The (Cinnamon) Spice Must Flow]
[14Jul2025 00:06:29.642] [Server thread/WARN] [net.minecraft.server.MinecraftServer/]: Can't keep up! Is the server overloaded? Running 2549ms or 50 ticks behind
[14Jul2025 00:06:48.846] [Server thread/WARN] [net.minecraft.server.MinecraftServer/]: Can't keep up! Is the server overloaded? Running 2003ms or 40 ticks behind
[14Jul2025 00:06:58.552] [Server thread/INFO] [net.minecraft.server.MinecraftServer/]: [JUANCITO: Set own game mode to Spectator Mode]
[14Jul2025 00:07:05.937] [Worker-Main-2/ERROR] [net.minecraft.world.entity.decoration.HangingEntity/]: Hanging entity at invalid position: BlockPos{x=569, y=-13, z=-248}
[14Jul2025 00:07:06.092] [Worker-Main-2/ERROR] [net.minecraft.world.entity.decoration.HangingEntity/]: Hanging entity at invalid position: BlockPos{x=569, y=-12, z=-241}
[14Jul2025 00:07:06.092] [Worker-Main-2/ERROR] [net.minecraft.world.entity.decoration.HangingEntity/]: Hanging entity at invalid position: BlockPos{x=569, y=-12, z=-242}
[14Jul2025 00:07:53.742] [Server thread/INFO] [net.minecraft.server.MinecraftServer/]: [JUANCITO: Set own game mode to Creative Mode]
[14Jul2025 00:07:54.714] [Server thread/INFO] [net.minecraft.server.MinecraftServer/]: [JUANCITO: Set own game mode to Survival Mode]
[14Jul2025 00:08:01.543] [Server thread/WARN] [net.minecraft.world.level.entity.PersistentEntitySectionManager/]: UUID of added entity already exists: Drowned['Drowned'/111504, l='ServerLevel[world]', x=3.50, y=23.00, z=1094.50]
[14Jul2025 00:08:32.068] [Server thread/WARN] [net.minecraft.server.level.ServerLevel/]: Tried to add entity ancient_elements:undead_miner but it was marked as removed already
[14Jul2025 00:08:51.027] [Server thread/WARN] [net.minecraft.world.level.entity.PersistentEntitySectionManager/]: UUID of added entity already exists: Drowned['Drowned'/112732, l='ServerLevel[world]', x=5.50, y=15.00, z=1085.50]
[14Jul2025 00:09:00.053] [Server thread/WARN] [net.minecraft.world.level.entity.PersistentEntitySectionManager/]: UUID of added entity already exists: Drowned['Drowned'/113092, l='ServerLevel[world]', x=3.50, y=24.00, z=1092.50]
[14Jul2025 00:09:38.535] [Server thread/INFO] [net.minecraft.server.MinecraftServer/]: [JUANCITO: Set the time to 1000]
[14Jul2025 00:09:44.334] [Server thread/INFO] [net.minecraft.server.MinecraftServer/]: [JUANCITO: Set the weather to clear]
[14Jul2025 00:09:46.336] [Server thread/WARN] [net.minecraft.server.level.ServerLevel/]: Tried to add entity ancient_elements:undead_miner but it was marked as removed already
[14Jul2025 00:10:01.148] [Server thread/WARN] [net.minecraft.server.level.ServerLevel/]: Tried to add entity ancient_elements:undead_miner but it was marked as removed already
[14Jul2025 00:10:27.486] [Server thread/INFO] [net.minecraft.server.MinecraftServer/]: JUANCITO has made the advancement [Life turned out to be a comedy]
[14Jul2025 00:12:08.395] [Server thread/WARN] [net.minecraft.world.level.entity.PersistentEntitySectionManager/]: UUID of added entity already exists: Drowned['Drowned'/116548, l='ServerLevel[world]', x=8.50, y=22.00, z=1073.50]
[14Jul2025 00:12:19.943] [Server thread/WARN] [net.minecraft.world.level.entity.PersistentEntitySectionManager/]: UUID of added entity already exists: Drowned['Drowned'/116864, l='ServerLevel[world]', x=-142.50, y=49.00, z=1046.50]
[14Jul2025 00:12:36.945] [Server thread/WARN] [net.minecraft.world.level.entity.PersistentEntitySectionManager/]: UUID of added entity already exists: Drowned['Drowned'/117404, l='ServerLevel[world]', x=2.50, y=9.00, z=1099.50]
[14Jul2025 00:13:03.594] [Server thread/WARN] [net.minecraft.world.level.entity.PersistentEntitySectionManager/]: UUID of added entity already exists: Drowned['Drowned'/117874, l='ServerLevel[world]', x=-143.50, y=48.00, z=1049.50]
[14Jul2025 00:15:30.095] [Server thread/WARN] [net.minecraft.world.level.entity.PersistentEntitySectionManager/]: UUID of added entity already exists: Drowned['Drowned'/119678, l='ServerLevel[world]', x=6.50, y=19.00, z=1099.50]
[14Jul2025 00:16:06.795] [Server thread/WARN] [net.minecraft.server.level.ServerLevel/]: Tried to add entity ancient_elements:undead_miner but it was marked as removed already
[14Jul2025 00:16:06.795] [Server thread/WARN] [net.minecraft.server.level.ServerLevel/]: Tried to add entity ancient_elements:undead_miner but it was marked as removed already
[14Jul2025 00:16:11.771] [Server thread/INFO] [net.minecraft.server.network.ServerGamePacketListenerImpl/]: -Azumi- lost connection: Disconnected
[14Jul2025 00:16:11.771] [Server thread/INFO] [net.minecraft.server.MinecraftServer/]: -Azumi- left the game
[14Jul2025 00:16:42.736] [Server thread/INFO] [net.minecraft.server.players.PlayerList/]: -Azumi-[/127.67.69.45:41487] logged in with entity id 120372 at (-81.09093084165227, 64.0, 1085.4032812605392)
[14Jul2025 00:16:42.743] [Server thread/INFO] [net.minecraft.server.MinecraftServer/]: -Azumi- joined the game
[14Jul2025 00:16:42.802] [Server thread/INFO] [Jade/]: Syncing config to -Azumi- (517bebbf-7cc1-34b6-bd3c-d10859929ffe)
[14Jul2025 00:17:15.746] [Server thread/WARN] [net.minecraft.world.level.entity.PersistentEntitySectionManager/]: UUID of added entity already exists: Drowned['Drowned'/120755, l='ServerLevel[world]', x=2.50, y=20.00, z=1086.50]
[14Jul2025 00:18:58.946] [Server thread/WARN] [net.minecraft.world.level.entity.PersistentEntitySectionManager/]: UUID of added entity already exists: Drowned['Drowned'/122134, l='ServerLevel[world]', x=3.50, y=18.00, z=1092.50]
[14Jul2025 00:19:07.195] [Server thread/WARN] [net.minecraft.world.level.entity.PersistentEntitySectionManager/]: UUID of added entity already exists: Drowned['Drowned'/122262, l='ServerLevel[world]', x=-137.50, y=45.00, z=1068.50]
[14Jul2025 00:19:15.944] [Server thread/WARN] [net.minecraft.world.level.entity.PersistentEntitySectionManager/]: UUID of added entity already exists: Drowned['Drowned'/122475, l='ServerLevel[world]', x=-141.50, y=52.00, z=1043.50]
[14Jul2025 00:19:18.047] [Server thread/WARN] [net.minecraft.world.level.entity.PersistentEntitySectionManager/]: UUID of added entity already exists: Drowned['Drowned'/122529, l='ServerLevel[world]', x=-136.50, y=53.00, z=1048.50]
[14Jul2025 00:20:16.474] [Server thread/WARN] [net.minecraft.server.network.ServerGamePacketListenerImpl/]: RODSQUARE moved too quickly! 1.4817057416341868,-0.9769118908984495,9.881414754700018
[14Jul2025 00:22:08.246] [Server thread/WARN] [net.minecraft.world.level.entity.PersistentEntitySectionManager/]: UUID of added entity already exists: Drowned['Drowned'/124544, l='ServerLevel[world]', x=7.50, y=15.00, z=1086.50]
[14Jul2025 00:22:16.180] [Server thread/INFO] [net.minecraft.server.MinecraftServer/]: RODSQUARE has completed the challenge [Serious Dedication]
[14Jul2025 00:25:00.847] [Server thread/WARN] [net.minecraft.world.level.entity.PersistentEntitySectionManager/]: UUID of added entity already exists: Drowned['Drowned'/126513, l='ServerLevel[world]', x=1.50, y=12.00, z=1087.50]
[14Jul2025 00:25:07.846] [Server thread/WARN] [net.minecraft.world.level.entity.PersistentEntitySectionManager/]: UUID of added entity already exists: Drowned['Drowned'/126569, l='ServerLevel[world]', x=5.50, y=15.00, z=1092.50]
[14Jul2025 00:25:09.747] [Server thread/WARN] [net.minecraft.world.level.entity.PersistentEntitySectionManager/]: UUID of added entity already exists: Drowned['Drowned'/126594, l='ServerLevel[world]', x=1.50, y=21.00, z=1082.50]
[14Jul2025 00:25:37.594] [Server thread/WARN] [net.minecraft.world.level.entity.PersistentEntitySectionManager/]: UUID of added entity already exists: Drowned['Drowned'/126973, l='ServerLevel[world]', x=4.50, y=22.00, z=1075.50]
[14Jul2025 00:25:48.595] [Server thread/WARN] [net.minecraft.server.level.ServerLevel/]: Tried to add entity ancient_elements:undead_miner but it was marked as removed already
[14Jul2025 00:26:36.896] [Server thread/WARN] [net.minecraft.world.level.entity.PersistentEntitySectionManager/]: UUID of added entity already exists: Drowned['Drowned'/127710, l='ServerLevel[world]', x=-140.50, y=55.00, z=1051.50]
[14Jul2025 00:26:52.494] [Server thread/WARN] [net.minecraft.world.level.entity.PersistentEntitySectionManager/]: UUID of added entity already exists: Drowned['Drowned'/127903, l='ServerLevel[world]', x=1.50, y=24.00, z=1073.50]
[14Jul2025 00:27:24.146] [Server thread/WARN] [net.minecraft.world.level.entity.PersistentEntitySectionManager/]: UUID of added entity already exists: Drowned['Drowned'/128464, l='ServerLevel[world]', x=-140.50, y=58.00, z=1052.50]
[14Jul2025 00:28:03.517] [Server thread/INFO] [net.minecraft.server.network.ServerGamePacketListenerImpl/]: -Azumi- lost connection: Disconnected
[14Jul2025 00:28:03.517] [Server thread/INFO] [net.minecraft.server.MinecraftServer/]: -Azumi- left the game
[14Jul2025 00:28:23.585] [Server thread/INFO] [net.minecraft.server.players.PlayerList/]: -Azumi-[/127.67.69.45:52879] logged in with entity id 129317 at (-82.41530221403639, 65.0, 1095.095491784192)
[14Jul2025 00:28:23.592] [Server thread/INFO] [net.minecraft.server.MinecraftServer/]: -Azumi- joined the game
[14Jul2025 00:28:23.664] [Server thread/INFO] [Jade/]: Syncing config to -Azumi- (517bebbf-7cc1-34b6-bd3c-d10859929ffe)
[14Jul2025 00:29:30.093] [Server thread/WARN] [net.minecraft.server.level.ServerLevel/]: Tried to add entity ancient_elements:undead_miner but it was marked as removed already
[14Jul2025 00:29:51.246] [Server thread/WARN] [net.minecraft.world.level.entity.PersistentEntitySectionManager/]: UUID of added entity already exists: Drowned['Drowned'/130867, l='ServerLevel[world]', x=2.50, y=24.00, z=1091.50]
[14Jul2025 00:29:59.075] [Server thread/WARN] [net.minecraft.server.network.ServerGamePacketListenerImpl/]: Boat (vehicle of RODSQUARE) moved wrongly! 0.3778976529446254
[14Jul2025 00:29:59.123] [Server thread/WARN] [net.minecraft.server.network.ServerGamePacketListenerImpl/]: Boat (vehicle of RODSQUARE) moved wrongly! 0.5785805462339226
[14Jul2025 00:29:59.169] [Server thread/WARN] [net.minecraft.server.network.ServerGamePacketListenerImpl/]: Boat (vehicle of RODSQUARE) moved wrongly! 0.7893306005157115
[14Jul2025 00:29:59.225] [Server thread/WARN] [net.minecraft.server.network.ServerGamePacketListenerImpl/]: Boat (vehicle of RODSQUARE) moved wrongly! 1.0100857747245868
[14Jul2025 00:29:59.279] [Server thread/WARN] [net.minecraft.server.network.ServerGamePacketListenerImpl/]: Boat (vehicle of RODSQUARE) moved wrongly! 1.240717741910771
[14Jul2025 00:30:03.012] [Server thread/WARN] [net.minecraft.server.network.ServerGamePacketListenerImpl/]: Boat (vehicle of RODSQUARE) moved wrongly! 0.2533594831128312
[14Jul2025 00:31:35.835] [Server thread/WARN] [net.minecraft.server.network.ServerGamePacketListenerImpl/]: Boat (vehicle of RODSQUARE) moved wrongly! 0.32324527835149297
[14Jul2025 00:31:35.916] [Server thread/WARN] [net.minecraft.server.network.ServerGamePacketListenerImpl/]: Boat (vehicle of RODSQUARE) moved wrongly! 0.4108781248602611
[14Jul2025 00:31:35.965] [Server thread/WARN] [net.minecraft.server.network.ServerGamePacketListenerImpl/]: Boat (vehicle of RODSQUARE) moved wrongly! 0.40867609957038553
[14Jul2025 00:31:36.020] [Server thread/WARN] [net.minecraft.server.network.ServerGamePacketListenerImpl/]: Boat (vehicle of RODSQUARE) moved wrongly! 0.37863940466536405
[14Jul2025 00:31:36.670] [Server thread/WARN] [net.minecraft.server.network.ServerGamePacketListenerImpl/]: Boat (vehicle of RODSQUARE) moved wrongly! 0.2771360614464129
[14Jul2025 00:31:36.726] [Server thread/WARN] [net.minecraft.server.network.ServerGamePacketListenerImpl/]: Boat (vehicle of RODSQUARE) moved wrongly! 0.3815671515904171
[14Jul2025 00:31:36.727] [Server thread/WARN] [net.minecraft.server.network.ServerGamePacketListenerImpl/]: Boat (vehicle of RODSQUARE) moved wrongly! 0.6262395311423177
[14Jul2025 00:32:18.797] [Server thread/WARN] [net.minecraft.world.level.entity.PersistentEntitySectionManager/]: UUID of added entity already exists: Drowned['Drowned'/133915, l='ServerLevel[world]', x=7.50, y=8.00, z=1075.50]
[14Jul2025 00:34:16.444] [Server thread/WARN] [net.minecraft.world.level.entity.PersistentEntitySectionManager/]: UUID of added entity already exists: Drowned['Drowned'/136077, l='ServerLevel[world]', x=-141.50, y=49.00, z=1059.50]
[14Jul2025 00:34:19.445] [Server thread/WARN] [net.minecraft.server.level.ServerLevel/]: Tried to add entity ancient_elements:undead_miner but it was marked as removed already
[14Jul2025 00:35:09.071] [Server thread/INFO] [net.minecraft.server.network.ServerGamePacketListenerImpl/]: -Azumi- lost connection: Timed out
[14Jul2025 00:35:09.072] [Server thread/INFO] [net.minecraft.server.MinecraftServer/]: -Azumi- left the game
[14Jul2025 00:35:23.179] [Server thread/INFO] [net.minecraft.server.MinecraftServer/]: [JUANCITO: Set own game mode to Creative Mode]
[14Jul2025 00:35:25.026] [Server thread/INFO] [net.minecraft.server.MinecraftServer/]: [JUANCITO: Set own game mode to Spectator Mode]
[14Jul2025 00:35:28.778] [Server thread/INFO] [net.minecraft.server.MinecraftServer/]: [JUANCITO: Teleported JUANCITO to RODSQUARE]
[14Jul2025 00:35:45.116] [Server thread/INFO] [net.minecraft.server.MinecraftServer/]: [JUANCITO: Set own game mode to Survival Mode]
[14Jul2025 00:39:31.984] [Server thread/INFO] [net.minecraft.server.players.PlayerList/]: -Azumi-[/127.67.69.45:49653] logged in with entity id 139106 at (-81.97379504761683, 65.0, 1095.699999988079)
[14Jul2025 00:39:31.991] [Server thread/INFO] [net.minecraft.server.MinecraftServer/]: -Azumi- joined the game
[14Jul2025 00:39:32.002] [Server thread/INFO] [Jade/]: Syncing config to -Azumi- (517bebbf-7cc1-34b6-bd3c-d10859929ffe)
[14Jul2025 00:39:47.203] [Server thread/WARN] [net.minecraft.server.level.ServerLevel/]: Tried to add entity ancient_elements:undead_miner but it was marked as removed already
[14Jul2025 00:39:57.530] [Server thread/INFO] [net.minecraft.server.MinecraftServer/]: Unknown or incomplete command, see below for error
[14Jul2025 00:39:57.532] [Server thread/INFO] [net.minecraft.server.MinecraftServer/]: -<--[HERE]
[14Jul2025 00:40:18.917] [Server thread/WARN] [net.minecraft.world.level.entity.PersistentEntitySectionManager/]: UUID of added entity already exists: Drowned['Drowned'/140322, l='ServerLevel[world]', x=8.50, y=12.00, z=1084.50]
[14Jul2025 00:40:24.229] [Server thread/WARN] [net.minecraft.world.level.entity.PersistentEntitySectionManager/]: UUID of added entity already exists: Drowned['Drowned'/140420, l='ServerLevel[world]', x=-135.50, y=53.00, z=1065.50]
[14Jul2025 00:40:47.118] [Server thread/INFO] [net.minecraft.server.network.ServerGamePacketListenerImpl/]: -Azumi- lost connection: Timed out
[14Jul2025 00:40:47.118] [Server thread/INFO] [net.minecraft.server.MinecraftServer/]: -Azumi- left the game
[14Jul2025 00:42:43.843] [Server thread/WARN] [net.minecraft.server.level.ServerLevel/]: Tried to add entity ancient_elements:undead_miner but it was marked as removed already
[14Jul2025 00:43:09.593] [Server thread/WARN] [net.minecraft.server.level.ServerLevel/]: Tried to add entity ancient_elements:undead_miner but it was marked as removed already
[14Jul2025 00:43:24.418] [Server thread/INFO] [net.minecraft.server.MinecraftServer/]: [JUANCITO: Set own game mode to Creative Mode]
[14Jul2025 00:43:46.419] [Server thread/INFO] [net.minecraft.server.MinecraftServer/]: [JUANCITO: Set own game mode to Survival Mode]
[14Jul2025 00:44:50.375] [Server thread/INFO] [net.minecraft.server.players.PlayerList/]: -Azumi-[/127.67.69.45:60499] logged in with entity id 142429 at (-81.97379504761683, 65.0, 1095.699999988079)
[14Jul2025 00:44:50.382] [Server thread/INFO] [net.minecraft.server.MinecraftServer/]: -Azumi- joined the game
[14Jul2025 00:44:50.398] [Server thread/INFO] [Jade/]: Syncing config to -Azumi- (517bebbf-7cc1-34b6-bd3c-d10859929ffe)
[14Jul2025 00:44:53.309] [Server thread/WARN] [net.minecraft.world.level.entity.PersistentEntitySectionManager/]: UUID of added entity already exists: Drowned['Drowned'/142740, l='ServerLevel[world]', x=2.50, y=19.00, z=1080.50]
[14Jul2025 00:44:53.628] [Server thread/WARN] [net.minecraft.world.level.entity.PersistentEntitySectionManager/]: UUID of added entity already exists: Drowned['Drowned'/142754, l='ServerLevel[world]', x=-142.50, y=48.00, z=1052.50]
[14Jul2025 00:45:04.996] [Server thread/WARN] [net.minecraft.world.level.entity.PersistentEntitySectionManager/]: UUID of added entity already exists: Drowned['Drowned'/143149, l='ServerLevel[world]', x=-139.50, y=57.00, z=1048.50]
[14Jul2025 00:45:28.744] [Server thread/WARN] [net.minecraft.world.level.entity.PersistentEntitySectionManager/]: UUID of added entity already exists: Drowned['Drowned'/143298, l='ServerLevel[world]', x=-143.50, y=58.00, z=1047.50]
[14Jul2025 00:46:07.248] [Server thread/WARN] [net.minecraft.world.level.entity.PersistentEntitySectionManager/]: UUID of added entity already exists: Drowned['Drowned'/143741, l='ServerLevel[world]', x=4.50, y=21.00, z=1097.50]
[14Jul2025 00:46:36.395] [Server thread/WARN] [net.minecraft.world.level.entity.PersistentEntitySectionManager/]: UUID of added entity already exists: Drowned['Drowned'/144055, l='ServerLevel[world]', x=-137.50, y=48.00, z=1057.50]
[14Jul2025 00:46:54.496] [Server thread/WARN] [net.minecraft.world.level.entity.PersistentEntitySectionManager/]: UUID of added entity already exists: Drowned['Drowned'/144175, l='ServerLevel[world]', x=0.50, y=25.00, z=1091.50]
[14Jul2025 00:47:28.019] [Server thread/INFO] [net.minecraft.server.network.ServerGamePacketListenerImpl/]: -Azumi- lost connection: Disconnected
[14Jul2025 00:47:28.019] [Server thread/INFO] [net.minecraft.server.MinecraftServer/]: -Azumi- left the game
[14Jul2025 00:47:58.181] [Server thread/INFO] [net.minecraft.server.players.PlayerList/]: -Azumi-[/127.67.69.45:32903] logged in with entity id 144934 at (-85.43583672066424, 64.0, 1097.5172024381006)
[14Jul2025 00:47:58.196] [Server thread/INFO] [net.minecraft.server.MinecraftServer/]: -Azumi- joined the game
[14Jul2025 00:47:58.259] [Server thread/INFO] [Jade/]: Syncing config to -Azumi- (517bebbf-7cc1-34b6-bd3c-d10859929ffe)
[14Jul2025 00:48:07.722] [Server thread/INFO] [net.minecraft.server.MinecraftServer/]: JUANCITO has reached the goal [Exorcism]
[14Jul2025 00:48:09.596] [Server thread/WARN] [net.minecraft.world.level.entity.PersistentEntitySectionManager/]: UUID of added entity already exists: Drowned['Drowned'/145159, l='ServerLevel[world]', x=-142.50, y=43.00, z=1066.50]
[14Jul2025 00:48:28.289] [Server thread/INFO] [net.minecraft.server.network.ServerGamePacketListenerImpl/]: -Azumi- lost connection: Timed out
[14Jul2025 00:48:28.289] [Server thread/INFO] [net.minecraft.server.MinecraftServer/]: -Azumi- left the game
[14Jul2025 00:48:29.497] [Server thread/WARN] [net.minecraft.world.level.entity.PersistentEntitySectionManager/]: UUID of added entity already exists: Drowned['Drowned'/145309, l='ServerLevel[world]', x=-142.50, y=51.00, z=1061.50]
[14Jul2025 00:49:56.647] [Server thread/WARN] [net.minecraft.world.level.entity.PersistentEntitySectionManager/]: UUID of added entity already exists: Drowned['Drowned'/146548, l='ServerLevel[world]', x=2.50, y=8.00, z=1074.50]
[14Jul2025 00:51:08.868] [Server thread/INFO] [net.minecraft.server.MinecraftServer/]: RODSQUARE has made the advancement [Forgotten Wars and Kingdoms]
[14Jul2025 00:51:35.779] [Server thread/INFO] [net.minecraft.server.MinecraftServer/]: Unknown or incomplete command, see below for error
[14Jul2025 00:51:35.779] [Server thread/INFO] [net.minecraft.server.MinecraftServer/]: puto<--[HERE]
[14Jul2025 00:51:40.043] [Server thread/INFO] [net.minecraft.server.MinecraftServer/]: Stopping server
[14Jul2025 00:51:40.045] [Server thread/INFO] [net.minecraft.server.MinecraftServer/]: Saving players
[14Jul2025 00:51:40.073] [Server thread/INFO] [net.minecraft.server.network.ServerGamePacketListenerImpl/]: JUANCITO lost connection: Server closed
[14Jul2025 00:51:40.073] [Server thread/INFO] [net.minecraft.server.MinecraftServer/]: JUANCITO left the game
[14Jul2025 00:51:40.085] [Server thread/INFO] [net.minecraft.server.MinecraftServer/]: Saving worlds
[14Jul2025 00:51:40.399] [Server thread/INFO] [net.minecraft.server.MinecraftServer/]: Saving chunks for level 'ServerLevel[world]'/minecraft:overworld
[14Jul2025 00:51:41.076] [Server thread/INFO] [net.minecraft.server.MinecraftServer/]: Saving chunks for level 'ServerLevel[world]'/minecraft:the_end
[14Jul2025 00:51:41.077] [Server thread/INFO] [net.minecraft.server.MinecraftServer/]: Saving chunks for level 'ServerLevel[world]'/mahoutsukai:reality_marble
[14Jul2025 00:51:41.077] [Server thread/INFO] [net.minecraft.server.MinecraftServer/]: Saving chunks for level 'ServerLevel[world]'/minecraft:the_nether
[14Jul2025 00:51:41.271] [Server thread/INFO] [net.minecraft.server.MinecraftServer/]: ThreadedAnvilChunkStorage (world): All chunks are saved
[14Jul2025 00:51:41.271] [Server thread/INFO] [net.minecraft.server.MinecraftServer/]: ThreadedAnvilChunkStorage (DIM1): All chunks are saved
[14Jul2025 00:51:41.271] [Server thread/INFO] [net.minecraft.server.MinecraftServer/]: ThreadedAnvilChunkStorage (reality_marble): All chunks are saved
[14Jul2025 00:51:41.271] [Server thread/INFO] [net.minecraft.server.MinecraftServer/]: ThreadedAnvilChunkStorage (DIM-1): All chunks are saved
[14Jul2025 00:51:41.271] [Server thread/INFO] [net.minecraft.server.MinecraftServer/]: ThreadedAnvilChunkStorage: All dimensions are saved
[14Jul2025 00:51:43.686] [Server thread/INFO] [Framework/]: Unloading server configs...
[14Jul2025 00:51:43.687] [Server thread/INFO] [Framework/]: Sending config unload event for goblintraders-entities.toml
[14Jul2025 00:51:43.693] [Server thread/INFO] [Framework/]: Finished unloading server configs
[14Jul2025 00:51:43.696] [Server thread/INFO] [journeymap/]: Loading JourneyMap Forge Configs
